2021-02-26 00:00:01.439 [MessageBroker-5] INFO  com.munjie.blog.BlogApplication - 测试日志输出261
2021-02-26 00:00:04.438 [MessageBroker-5] INFO  com.munjie.blog.BlogApplication - 测试日志输出262
2021-02-26 00:00:07.437 [MessageBroker-5] INFO  com.munjie.blog.BlogApplication - 测试日志输出263
2021-02-26 00:00:10.438 [MessageBroker-5] INFO  com.munjie.blog.BlogApplication - 测试日志输出264
2021-02-26 00:00:13.438 [MessageBroker-5] INFO  com.munjie.blog.BlogApplication - 测试日志输出265
2021-02-26 00:00:16.438 [MessageBroker-5] INFO  com.munjie.blog.BlogApplication - 测试日志输出266
2021-02-26 00:00:19.437 [MessageBroker-5] INFO  com.munjie.blog.BlogApplication - 测试日志输出267
2021-02-26 00:00:22.439 [MessageBroker-5] INFO  com.munjie.blog.BlogApplication - 测试日志输出268
2021-02-26 00:00:25.437 [MessageBroker-5] INFO  com.munjie.blog.BlogApplication - 测试日志输出269
2021-02-26 00:00:28.439 [MessageBroker-5] INFO  com.munjie.blog.BlogApplication - 测试日志输出270
2021-02-26 00:00:31.438 [MessageBroker-5] INFO  com.munjie.blog.BlogApplication - 测试日志输出271
2021-02-26 00:00:34.437 [MessageBroker-5] INFO  com.munjie.blog.BlogApplication - 测试日志输出272
2021-02-26 00:00:37.439 [MessageBroker-5] INFO  com.munjie.blog.BlogApplication - 测试日志输出273
2021-02-26 00:00:40.437 [MessageBroker-5] INFO  com.munjie.blog.BlogApplication - 测试日志输出274
2021-02-26 00:00:43.437 [MessageBroker-5] INFO  com.munjie.blog.BlogApplication - 测试日志输出275
2021-02-26 00:00:46.437 [MessageBroker-5] INFO  com.munjie.blog.BlogApplication - 测试日志输出276
2021-02-26 00:00:49.437 [MessageBroker-5] INFO  com.munjie.blog.BlogApplication - 测试日志输出277
2021-02-26 00:00:52.438 [MessageBroker-5] INFO  com.munjie.blog.BlogApplication - 测试日志输出278
2021-02-26 00:00:55.437 [MessageBroker-5] INFO  com.munjie.blog.BlogApplication - 测试日志输出279
2021-02-26 00:00:58.439 [MessageBroker-5] INFO  com.munjie.blog.BlogApplication - 测试日志输出280
2021-02-26 00:01:01.439 [MessageBroker-5] INFO  com.munjie.blog.BlogApplication - 测试日志输出281
2021-02-26 00:01:04.438 [MessageBroker-5] INFO  com.munjie.blog.BlogApplication - 测试日志输出282
2021-02-26 00:01:07.437 [MessageBroker-5] INFO  com.munjie.blog.BlogApplication - 测试日志输出283
2021-02-26 00:01:10.438 [MessageBroker-5] INFO  com.munjie.blog.BlogApplication - 测试日志输出284
2021-02-26 00:01:13.439 [MessageBroker-5] INFO  com.munjie.blog.BlogApplication - 测试日志输出285
2021-02-26 00:01:16.438 [MessageBroker-5] INFO  com.munjie.blog.BlogApplication - 测试日志输出286
2021-02-26 00:01:19.437 [MessageBroker-5] INFO  com.munjie.blog.BlogApplication - 测试日志输出287
2021-02-26 00:01:22.439 [MessageBroker-5] INFO  com.munjie.blog.BlogApplication - 测试日志输出288
2021-02-26 00:01:25.437 [MessageBroker-5] INFO  com.munjie.blog.BlogApplication - 测试日志输出289
2021-02-26 00:01:28.439 [MessageBroker-5] INFO  com.munjie.blog.BlogApplication - 测试日志输出290
2021-02-26 00:01:31.437 [MessageBroker-5] INFO  com.munjie.blog.BlogApplication - 测试日志输出291
2021-02-26 00:01:34.438 [MessageBroker-5] INFO  com.munjie.blog.BlogApplication - 测试日志输出292
2021-02-26 00:01:37.437 [MessageBroker-5] INFO  com.munjie.blog.BlogApplication - 测试日志输出293
2021-02-26 00:01:40.439 [MessageBroker-5] INFO  com.munjie.blog.BlogApplication - 测试日志输出294
2021-02-26 00:01:43.439 [MessageBroker-5] INFO  com.munjie.blog.BlogApplication - 测试日志输出295
2021-02-26 00:01:46.437 [MessageBroker-5] INFO  com.munjie.blog.BlogApplication - 测试日志输出296
2021-02-26 00:01:49.439 [MessageBroker-5] INFO  com.munjie.blog.BlogApplication - 测试日志输出297
2021-02-26 00:01:52.437 [MessageBroker-5] INFO  com.munjie.blog.BlogApplication - 测试日志输出298
2021-02-26 00:01:55.439 [MessageBroker-5] INFO  com.munjie.blog.BlogApplication - 测试日志输出299
2021-02-26 00:01:58.438 [MessageBroker-5] INFO  com.munjie.blog.BlogApplication - 测试日志输出300
2021-02-26 00:02:01.437 [MessageBroker-5] INFO  com.munjie.blog.BlogApplication - 测试日志输出301
2021-02-26 00:02:04.439 [MessageBroker-5] INFO  com.munjie.blog.BlogApplication - 测试日志输出302
2021-02-26 00:02:07.437 [MessageBroker-5] INFO  com.munjie.blog.BlogApplication - 测试日志输出303
2021-02-26 00:02:10.438 [MessageBroker-5] INFO  com.munjie.blog.BlogApplication - 测试日志输出304
2021-02-26 00:02:13.439 [MessageBroker-5] INFO  com.munjie.blog.BlogApplication - 测试日志输出305
2021-02-26 00:02:16.437 [MessageBroker-5] INFO  com.munjie.blog.BlogApplication - 测试日志输出306
2021-02-26 00:02:19.437 [MessageBroker-5] INFO  com.munjie.blog.BlogApplication - 测试日志输出307
2021-02-26 00:02:22.438 [MessageBroker-5] INFO  com.munjie.blog.BlogApplication - 测试日志输出308
2021-02-26 00:02:25.438 [MessageBroker-5] INFO  com.munjie.blog.BlogApplication - 测试日志输出309
2021-02-26 00:02:28.439 [MessageBroker-5] INFO  com.munjie.blog.BlogApplication - 测试日志输出310
2021-02-26 00:02:31.439 [MessageBroker-5] INFO  com.munjie.blog.BlogApplication - 测试日志输出311
2021-02-26 00:02:34.437 [MessageBroker-5] INFO  com.munjie.blog.BlogApplication - 测试日志输出312
2021-02-26 00:02:37.439 [MessageBroker-5] INFO  com.munjie.blog.BlogApplication - 测试日志输出313
2021-02-26 00:02:40.439 [MessageBroker-5] INFO  com.munjie.blog.BlogApplication - 测试日志输出314
2021-02-26 00:02:43.438 [MessageBroker-5] INFO  com.munjie.blog.BlogApplication - 测试日志输出315
2021-02-26 00:02:46.438 [MessageBroker-5] INFO  com.munjie.blog.BlogApplication - 测试日志输出316
2021-02-26 00:02:49.438 [MessageBroker-5] INFO  com.munjie.blog.BlogApplication - 测试日志输出317
2021-02-26 00:02:52.437 [MessageBroker-5] INFO  com.munjie.blog.BlogApplication - 测试日志输出318
2021-02-26 00:02:55.427 [SpringContextShutdownHook] INFO  o.s.m.simp.broker.SimpleBrokerMessageHandler - Stopping...
2021-02-26 00:02:55.428 [SpringContextShutdownHook] INFO  o.s.m.simp.broker.SimpleBrokerMessageHandler - BrokerAvailabilityEvent[available=false, SimpleBrokerMessageHandler [DefaultSubscriptionRegistry[cache[0 destination(s)], registry[0 sessions]]]]
2021-02-26 00:02:55.428 [SpringContextShutdownHook] INFO  o.s.m.simp.broker.SimpleBrokerMessageHandler - Stopped.
2021-02-26 00:02:55.431 [SpringContextShutdownHook] INFO  o.s.scheduling.concurrent.ThreadPoolTaskExecutor - Shutting down ExecutorService 'brokerChannelExecutor'
2021-02-26 00:02:55.431 [SpringContextShutdownHook] INFO  o.s.scheduling.concurrent.ThreadPoolTaskScheduler - Shutting down ExecutorService 'messageBrokerTaskScheduler'
2021-02-26 00:02:55.439 [SpringContextShutdownHook] INFO  o.s.scheduling.concurrent.ThreadPoolTaskExecutor - Shutting down ExecutorService 'clientOutboundChannelExecutor'
2021-02-26 00:02:55.439 [SpringContextShutdownHook] INFO  o.s.scheduling.concurrent.ThreadPoolTaskExecutor - Shutting down ExecutorService 'clientInboundChannelExecutor'
2021-02-26 00:03:02.133 [restartedMain] INFO  com.munjie.blog.BlogApplication - Starting BlogApplication on SC-201804071237 with PID 5572 (N:\newvue\target\classes started by Administrator in N:\newvue)
2021-02-26 00:03:02.135 [restartedMain] INFO  com.munjie.blog.BlogApplication - The following profiles are active: dev
2021-02-26 00:03:02.176 [restartedMain] INFO  o.s.b.d.env.DevToolsPropertyDefaultsPostProcessor - Devtools property defaults active! Set 'spring.devtools.add-properties' to 'false' to disable
2021-02-26 00:03:02.176 [restartedMain] INFO  o.s.b.d.env.DevToolsPropertyDefaultsPostProcessor - For additional web related logging consider setting the 'logging.level.web' property to 'DEBUG'
2021-02-26 00:03:02.738 [restartedMain] INFO  o.s.d.r.config.RepositoryConfigurationDelegate - Bootstrapping Spring Data Elasticsearch repositories in DEFAULT mode.
2021-02-26 00:03:02.780 [restartedMain] INFO  o.s.d.r.config.RepositoryConfigurationDelegate - Finished Spring Data repository scanning in 34ms. Found 1 Elasticsearch repository interfaces.
2021-02-26 00:03:02.934 [restartedMain] INFO  o.s.d.r.config.RepositoryConfigurationDelegate - Bootstrapping Spring Data Reactive Elasticsearch repositories in DEFAULT mode.
2021-02-26 00:03:02.948 [restartedMain] INFO  o.s.d.r.config.RepositoryConfigurationDelegate - Finished Spring Data repository scanning in 13ms. Found 0 Reactive Elasticsearch repository interfaces.
2021-02-26 00:03:03.243 [restartedMain] INFO  c.u.j.c.EnableEncryptablePropertiesBeanFactoryPostProcessor - Post-processing PropertySource instances
2021-02-26 00:03:03.284 [restartedMain] INFO  c.u.j.EncryptablePropertySourceConverter - Converting PropertySource configurationProperties [org.springframework.boot.context.properties.source.ConfigurationPropertySourcesPropertySource] to AOP Proxy
2021-02-26 00:03:03.284 [restartedMain] INFO  c.u.j.EncryptablePropertySourceConverter - Converting PropertySource servletConfigInitParams [org.springframework.core.env.PropertySource$StubPropertySource] to EncryptablePropertySourceWrapper
2021-02-26 00:03:03.284 [restartedMain] INFO  c.u.j.EncryptablePropertySourceConverter - Converting PropertySource servletContextInitParams [org.springframework.core.env.PropertySource$StubPropertySource] to EncryptablePropertySourceWrapper
2021-02-26 00:03:03.285 [restartedMain] INFO  c.u.j.EncryptablePropertySourceConverter - Converting PropertySource systemProperties [org.springframework.core.env.PropertiesPropertySource] to EncryptableMapPropertySourceWrapper
2021-02-26 00:03:03.285 [restartedMain] INFO  c.u.j.EncryptablePropertySourceConverter - Converting PropertySource systemEnvironment [org.springframework.boot.env.SystemEnvironmentPropertySourceEnvironmentPostProcessor$OriginAwareSystemEnvironmentPropertySource] to EncryptableMapPropertySourceWrapper
2021-02-26 00:03:03.285 [restartedMain] INFO  c.u.j.EncryptablePropertySourceConverter - Converting PropertySource random [org.springframework.boot.env.RandomValuePropertySource] to EncryptablePropertySourceWrapper
2021-02-26 00:03:03.285 [restartedMain] INFO  c.u.j.EncryptablePropertySourceConverter - Converting PropertySource applicationConfig: [classpath:/application-dev.yml] [org.springframework.boot.env.OriginTrackedMapPropertySource] to EncryptableMapPropertySourceWrapper
2021-02-26 00:03:03.285 [restartedMain] INFO  c.u.j.EncryptablePropertySourceConverter - Converting PropertySource applicationConfig: [classpath:/application.yml] [org.springframework.boot.env.OriginTrackedMapPropertySource] to EncryptableMapPropertySourceWrapper
2021-02-26 00:03:03.285 [restartedMain] INFO  c.u.j.EncryptablePropertySourceConverter - Converting PropertySource devtools [org.springframework.core.env.MapPropertySource] to EncryptableMapPropertySourceWrapper
2021-02-26 00:03:03.336 [restartedMain] INFO  c.u.j.filter.DefaultLazyPropertyFilter - Property Filter custom Bean not found with name 'encryptablePropertyFilter'. Initializing Default Property Filter
2021-02-26 00:03:03.526 [restartedMain] INFO  c.u.j.resolver.DefaultLazyPropertyResolver - Property Resolver custom Bean not found with name 'encryptablePropertyResolver'. Initializing Default Property Resolver
2021-02-26 00:03:03.528 [restartedMain] INFO  c.u.j.detector.DefaultLazyPropertyDetector - Property Detector custom Bean not found with name 'encryptablePropertyDetector'. Initializing Default Property Detector
2021-02-26 00:03:03.908 [restartedMain] INFO  o.s.boot.web.embedded.tomcat.TomcatWebServer - Tomcat initialized with port(s): 8088 (http)
2021-02-26 00:03:03.914 [restartedMain] INFO  org.apache.coyote.http11.Http11NioProtocol - Initializing ProtocolHandler ["http-nio-8088"]
2021-02-26 00:03:03.914 [restartedMain] INFO  org.apache.catalina.core.StandardService - Starting service [Tomcat]
2021-02-26 00:03:03.914 [restartedMain] INFO  org.apache.catalina.core.StandardEngine - Starting Servlet engine: [Apache Tomcat/9.0.33]
2021-02-26 00:03:04.069 [restartedMain] INFO  o.a.c.c.ContainerBase.[Tomcat].[localhost].[/blog] - Initializing Spring embedded WebApplicationContext
2021-02-26 00:03:04.069 [restartedMain] INFO  org.springframework.web.context.ContextLoader - Root WebApplicationContext: initialization completed in 1893 ms
2021-02-26 00:03:04.218 [restartedMain] INFO  o.s.scheduling.concurrent.ThreadPoolTaskExecutor - Initializing ExecutorService 'clientInboundChannelExecutor'
2021-02-26 00:03:04.238 [restartedMain] INFO  o.s.scheduling.concurrent.ThreadPoolTaskExecutor - Initializing ExecutorService 'clientOutboundChannelExecutor'
2021-02-26 00:03:04.859 [restartedMain] INFO  org.elasticsearch.plugins.PluginsService - no modules loaded
2021-02-26 00:03:04.861 [restartedMain] INFO  org.elasticsearch.plugins.PluginsService - loaded plugin [org.elasticsearch.index.reindex.ReindexPlugin]
2021-02-26 00:03:04.861 [restartedMain] INFO  org.elasticsearch.plugins.PluginsService - loaded plugin [org.elasticsearch.join.ParentJoinPlugin]
2021-02-26 00:03:04.861 [restartedMain] INFO  org.elasticsearch.plugins.PluginsService - loaded plugin [org.elasticsearch.percolator.PercolatorPlugin]
2021-02-26 00:03:04.861 [restartedMain] INFO  org.elasticsearch.plugins.PluginsService - loaded plugin [org.elasticsearch.script.mustache.MustachePlugin]
2021-02-26 00:03:04.861 [restartedMain] INFO  org.elasticsearch.plugins.PluginsService - loaded plugin [org.elasticsearch.transport.Netty4Plugin]
2021-02-26 00:03:17.247 [restartedMain] INFO  s.d.s.w.PropertySourcedRequestMappingHandlerMapping - Mapped URL path [/v2/api-docs] onto method [springfox.documentation.swagger2.web.Swagger2Controller#getDocumentation(String, HttpServletRequest)]
2021-02-26 00:03:17.272 [restartedMain] INFO  o.s.scheduling.concurrent.ThreadPoolTaskScheduler - Initializing ExecutorService 'messageBrokerTaskScheduler'
2021-02-26 00:03:17.313 [restartedMain] INFO  o.s.scheduling.concurrent.ThreadPoolTaskExecutor - Initializing ExecutorService 'brokerChannelExecutor'
2021-02-26 00:03:17.510 [restartedMain] INFO  o.s.b.d.autoconfigure.OptionalLiveReloadServer - LiveReload server is running on port 35729
2021-02-26 00:03:17.879 [restartedMain] INFO  s.d.s.web.plugins.DocumentationPluginsBootstrapper - Context refreshed
2021-02-26 00:03:17.893 [restartedMain] INFO  s.d.s.web.plugins.DocumentationPluginsBootstrapper - Found 1 custom documentation plugin(s)
2021-02-26 00:03:17.919 [restartedMain] INFO  s.d.spring.web.scanners.ApiListingReferenceScanner - Scanning for api listing references
2021-02-26 00:03:17.929 [restartedMain] INFO  o.s.m.simp.broker.SimpleBrokerMessageHandler - Starting...
2021-02-26 00:03:17.930 [restartedMain] INFO  o.s.m.simp.broker.SimpleBrokerMessageHandler - BrokerAvailabilityEvent[available=true, SimpleBrokerMessageHandler [DefaultSubscriptionRegistry[cache[0 destination(s)], registry[0 sessions]]]]
2021-02-26 00:03:17.930 [restartedMain] INFO  o.s.m.simp.broker.SimpleBrokerMessageHandler - Started.
2021-02-26 00:03:17.939 [restartedMain] INFO  org.apache.coyote.http11.Http11NioProtocol - Starting ProtocolHandler ["http-nio-8088"]
2021-02-26 00:03:17.948 [restartedMain] INFO  o.s.boot.web.embedded.tomcat.TomcatWebServer - Tomcat started on port(s): 8088 (http) with context path '/blog'
2021-02-26 00:03:17.950 [restartedMain] INFO  com.munjie.blog.BlogApplication - Started BlogApplication in 16.243 seconds (JVM running for 17.985)
2021-02-26 00:03:17.951 [restartedMain] INFO  com.munjie.blog.BlogApplication - Server has been started successfully...
2021-02-26 00:04:17.312 [MessageBroker-1] INFO  o.s.web.socket.config.WebSocketMessageBrokerStats - WebSocketSession[0 current WS(0)-HttpStream(0)-HttpPoll(0), 0 total, 0 closed abnormally (0 connect failure, 0 send limit, 0 transport error)], stompSubProtocol[processed CONNECT(0)-CONNECTED(0)-DISCONNECT(0)], stompBrokerRelay[null], inboundChannel[pool size = 0, active threads = 0, queued tasks = 0, completed tasks = 0], outboundChannel[pool size = 0, active threads = 0, queued tasks = 0, completed tasks = 0], sockJsScheduler[pool size = 1, active threads = 1, queued tasks = 0, completed tasks = 0]
