2021-11-09 20:04:39.927 [main] INFO  com.munjie.blog.BlogApplication - Starting BlogApplication on DESKTOP-AB71LST with PID 16764 (G:\web_project\blog_server\target\classes started by 86158 in G:\web_project\blog_server)
2021-11-09 20:04:39.932 [main] INFO  com.munjie.blog.BlogApplication - The following profiles are active: dev
2021-11-09 20:04:40.394 [main] INFO  o.s.d.r.config.RepositoryConfigurationDelegate - Bootstrapping Spring Data Elasticsearch repositories in DEFAULT mode.
2021-11-09 20:04:40.428 [main] INFO  o.s.d.r.config.RepositoryConfigurationDelegate - Finished Spring Data repository scanning in 29ms. Found 1 Elasticsearch repository interfaces.
2021-11-09 20:04:40.552 [main] INFO  o.s.d.r.config.RepositoryConfigurationDelegate - Bootstrapping Spring Data Reactive Elasticsearch repositories in DEFAULT mode.
2021-11-09 20:04:40.563 [main] INFO  o.s.d.r.config.RepositoryConfigurationDelegate - Finished Spring Data repository scanning in 10ms. Found 0 Reactive Elasticsearch repository interfaces.
2021-11-09 20:04:40.721 [main] INFO  c.u.j.c.EnableEncryptablePropertiesBeanFactoryPostProcessor - Post-processing PropertySource instances
2021-11-09 20:04:40.756 [main] INFO  c.u.j.EncryptablePropertySourceConverter - Converting PropertySource configurationProperties [org.springframework.boot.context.properties.source.ConfigurationPropertySourcesPropertySource] to AOP Proxy
2021-11-09 20:04:40.757 [main] INFO  c.u.j.EncryptablePropertySourceConverter - Converting PropertySource servletConfigInitParams [org.springframework.core.env.PropertySource$StubPropertySource] to EncryptablePropertySourceWrapper
2021-11-09 20:04:40.757 [main] INFO  c.u.j.EncryptablePropertySourceConverter - Converting PropertySource servletContextInitParams [org.springframework.core.env.PropertySource$StubPropertySource] to EncryptablePropertySourceWrapper
2021-11-09 20:04:40.757 [main] INFO  c.u.j.EncryptablePropertySourceConverter - Converting PropertySource systemProperties [org.springframework.core.env.PropertiesPropertySource] to EncryptableMapPropertySourceWrapper
2021-11-09 20:04:40.757 [main] INFO  c.u.j.EncryptablePropertySourceConverter - Converting PropertySource systemEnvironment [org.springframework.boot.env.SystemEnvironmentPropertySourceEnvironmentPostProcessor$OriginAwareSystemEnvironmentPropertySource] to EncryptableMapPropertySourceWrapper
2021-11-09 20:04:40.757 [main] INFO  c.u.j.EncryptablePropertySourceConverter - Converting PropertySource random [org.springframework.boot.env.RandomValuePropertySource] to EncryptablePropertySourceWrapper
2021-11-09 20:04:40.757 [main] INFO  c.u.j.EncryptablePropertySourceConverter - Converting PropertySource applicationConfig: [classpath:/application-dev.yml] [org.springframework.boot.env.OriginTrackedMapPropertySource] to EncryptableMapPropertySourceWrapper
2021-11-09 20:04:40.758 [main] INFO  c.u.j.EncryptablePropertySourceConverter - Converting PropertySource applicationConfig: [classpath:/application.yml] [org.springframework.boot.env.OriginTrackedMapPropertySource] to EncryptableMapPropertySourceWrapper
2021-11-09 20:04:40.801 [main] INFO  c.u.j.filter.DefaultLazyPropertyFilter - Property Filter custom Bean not found with name 'encryptablePropertyFilter'. Initializing Default Property Filter
2021-11-09 20:04:40.964 [main] INFO  c.u.j.resolver.DefaultLazyPropertyResolver - Property Resolver custom Bean not found with name 'encryptablePropertyResolver'. Initializing Default Property Resolver
2021-11-09 20:04:40.965 [main] INFO  c.u.j.detector.DefaultLazyPropertyDetector - Property Detector custom Bean not found with name 'encryptablePropertyDetector'. Initializing Default Property Detector
2021-11-09 20:04:41.150 [main] INFO  o.s.boot.web.embedded.tomcat.TomcatWebServer - Tomcat initialized with port(s): 8088 (http)
2021-11-09 20:04:41.157 [main] INFO  org.apache.coyote.http11.Http11NioProtocol - Initializing ProtocolHandler ["http-nio-8088"]
2021-11-09 20:04:41.157 [main] INFO  org.apache.catalina.core.StandardService - Starting service [Tomcat]
2021-11-09 20:04:41.157 [main] INFO  org.apache.catalina.core.StandardEngine - Starting Servlet engine: [Apache Tomcat/9.0.33]
2021-11-09 20:04:41.250 [main] INFO  o.a.c.c.ContainerBase.[Tomcat].[localhost].[/blog] - Initializing Spring embedded WebApplicationContext
2021-11-09 20:04:41.251 [main] INFO  org.springframework.web.context.ContextLoader - Root WebApplicationContext: initialization completed in 1284 ms
2021-11-09 20:04:41.396 [main] INFO  o.s.scheduling.concurrent.ThreadPoolTaskExecutor - Initializing ExecutorService 'clientInboundChannelExecutor'
2021-11-09 20:04:41.406 [main] INFO  o.s.scheduling.concurrent.ThreadPoolTaskExecutor - Initializing ExecutorService 'clientOutboundChannelExecutor'
2021-11-09 20:04:41.741 [main] INFO  org.elasticsearch.plugins.PluginsService - no modules loaded
2021-11-09 20:04:41.742 [main] INFO  org.elasticsearch.plugins.PluginsService - loaded plugin [org.elasticsearch.index.reindex.ReindexPlugin]
2021-11-09 20:04:41.742 [main] INFO  org.elasticsearch.plugins.PluginsService - loaded plugin [org.elasticsearch.join.ParentJoinPlugin]
2021-11-09 20:04:41.742 [main] INFO  org.elasticsearch.plugins.PluginsService - loaded plugin [org.elasticsearch.percolator.PercolatorPlugin]
2021-11-09 20:04:41.742 [main] INFO  org.elasticsearch.plugins.PluginsService - loaded plugin [org.elasticsearch.script.mustache.MustachePlugin]
2021-11-09 20:04:41.742 [main] INFO  org.elasticsearch.plugins.PluginsService - loaded plugin [org.elasticsearch.transport.Netty4Plugin]
2021-11-09 20:04:45.174 [main] INFO  s.d.s.w.PropertySourcedRequestMappingHandlerMapping - Mapped URL path [/v2/api-docs] onto method [springfox.documentation.swagger2.web.Swagger2Controller#getDocumentation(String, HttpServletRequest)]
2021-11-09 20:04:45.195 [main] INFO  o.s.scheduling.concurrent.ThreadPoolTaskScheduler - Initializing ExecutorService 'messageBrokerTaskScheduler'
2021-11-09 20:04:45.234 [main] INFO  o.s.scheduling.concurrent.ThreadPoolTaskExecutor - Initializing ExecutorService 'brokerChannelExecutor'
2021-11-09 20:04:45.662 [main] INFO  s.d.s.web.plugins.DocumentationPluginsBootstrapper - Context refreshed
2021-11-09 20:04:45.678 [main] INFO  s.d.s.web.plugins.DocumentationPluginsBootstrapper - Found 1 custom documentation plugin(s)
2021-11-09 20:04:45.704 [main] INFO  s.d.spring.web.scanners.ApiListingReferenceScanner - Scanning for api listing references
2021-11-09 20:04:45.713 [main] INFO  o.s.m.simp.broker.SimpleBrokerMessageHandler - Starting...
2021-11-09 20:04:45.714 [main] INFO  o.s.m.simp.broker.SimpleBrokerMessageHandler - BrokerAvailabilityEvent[available=true, SimpleBrokerMessageHandler [DefaultSubscriptionRegistry[cache[0 destination(s)], registry[0 sessions]]]]
2021-11-09 20:04:45.714 [main] INFO  o.s.m.simp.broker.SimpleBrokerMessageHandler - Started.
2021-11-09 20:04:45.722 [main] INFO  org.apache.coyote.http11.Http11NioProtocol - Starting ProtocolHandler ["http-nio-8088"]
2021-11-09 20:04:45.733 [main] INFO  o.s.boot.web.embedded.tomcat.TomcatWebServer - Tomcat started on port(s): 8088 (http) with context path '/blog'
2021-11-09 20:04:45.734 [main] INFO  com.munjie.blog.BlogApplication - Started BlogApplication in 6.208 seconds (JVM running for 7.405)
2021-11-09 20:04:45.736 [main] INFO  com.munjie.blog.BlogApplication - Server has been started successfully...
2021-11-09 20:04:50.170 [http-nio-8088-exec-1] INFO  o.a.c.c.ContainerBase.[Tomcat].[localhost].[/blog] - Initializing Spring DispatcherServlet 'dispatcherServlet'
2021-11-09 20:04:50.170 [http-nio-8088-exec-1] INFO  org.springframework.web.servlet.DispatcherServlet - Initializing Servlet 'dispatcherServlet'
2021-11-09 20:04:50.180 [http-nio-8088-exec-1] INFO  org.springframework.web.servlet.DispatcherServlet - Completed initialization in 9 ms
2021-11-09 20:04:50.208 [http-nio-8088-exec-1] INFO  com.munjie.blog.config.AopLogAspect - 请求前置通知开始...
2021-11-09 20:04:50.209 [http-nio-8088-exec-1] INFO  com.munjie.blog.config.AopLogAspect - 请求URL =
2021-11-09 20:04:50.209 [http-nio-8088-exec-1] INFO  com.munjie.blog.config.AopLogAspect - 请求方式 =
2021-11-09 20:04:50.209 [http-nio-8088-exec-1] INFO  com.munjie.blog.config.AopLogAspect - 请求IP =
2021-11-09 20:04:50.210 [http-nio-8088-exec-1] INFO  com.munjie.blog.utils.AddressUtil - X-Real-IP=null
2021-11-09 20:04:50.210 [http-nio-8088-exec-1] INFO  com.munjie.blog.utils.AddressUtil - getIpAddress(X-real-ip) - X-real-ip - String ip=null
2021-11-09 20:04:50.210 [http-nio-8088-exec-1] INFO  com.munjie.blog.utils.AddressUtil - refererIps=null
2021-11-09 20:04:50.213 [http-nio-8088-exec-1] INFO  com.munjie.blog.utils.AddressUtil - getIpAddress(HttpServletRequest) - Proxy-Client-IP - String ip=null
2021-11-09 20:04:50.214 [http-nio-8088-exec-1] INFO  com.munjie.blog.utils.AddressUtil - getIpAddress(HttpServletRequest) - WL-Proxy-Client-IP - String ip=null
2021-11-09 20:04:50.214 [http-nio-8088-exec-1] INFO  com.munjie.blog.utils.AddressUtil - getIpAddress(HttpServletRequest) - HTTP_CLIENT_IP - String ip=null
2021-11-09 20:04:50.214 [http-nio-8088-exec-1] INFO  com.munjie.blog.utils.AddressUtil - getIpAddress(HttpServletRequest) - HTTP_X_FORWARDED_FOR - String ip=null
2021-11-09 20:04:50.214 [http-nio-8088-exec-1] INFO  com.munjie.blog.utils.AddressUtil - getIpAddress(HttpServletRequest) - getRemoteAddr - String ip=0:0:0:0:0:0:0:1
2021-11-09 20:04:50.214 [http-nio-8088-exec-1] INFO  com.munjie.blog.utils.AddressUtil - final request ip : 0:0:0:0:0:0:0:1
2021-11-09 20:04:50.217 [http-nio-8088-exec-1] INFO  com.munjie.blog.config.AopLogAspect - 请求来源地区 =
2021-11-09 20:04:50.219 [http-nio-8088-exec-1] INFO  com.munjie.blog.config.AopLogAspect - 请求类名=
2021-11-09 20:04:50.219 [http-nio-8088-exec-1] INFO  com.munjie.blog.config.AopLogAspect - 方法名=
2021-11-09 20:04:50.224 [http-nio-8088-exec-2] INFO  com.munjie.blog.config.AopLogAspect - 请求前置通知开始...
2021-11-09 20:04:50.224 [http-nio-8088-exec-2] INFO  com.munjie.blog.config.AopLogAspect - 请求URL =
2021-11-09 20:04:50.224 [http-nio-8088-exec-2] INFO  com.munjie.blog.config.AopLogAspect - 请求方式 =
2021-11-09 20:04:50.224 [http-nio-8088-exec-2] INFO  com.munjie.blog.config.AopLogAspect - 请求IP =
2021-11-09 20:04:50.224 [http-nio-8088-exec-2] INFO  com.munjie.blog.utils.AddressUtil - X-Real-IP=null
2021-11-09 20:04:50.224 [http-nio-8088-exec-2] INFO  com.munjie.blog.utils.AddressUtil - getIpAddress(X-real-ip) - X-real-ip - String ip=null
2021-11-09 20:04:50.224 [http-nio-8088-exec-2] INFO  com.munjie.blog.utils.AddressUtil - refererIps=null
2021-11-09 20:04:50.224 [http-nio-8088-exec-2] INFO  com.munjie.blog.utils.AddressUtil - getIpAddress(HttpServletRequest) - Proxy-Client-IP - String ip=null
2021-11-09 20:04:50.224 [http-nio-8088-exec-2] INFO  com.munjie.blog.utils.AddressUtil - getIpAddress(HttpServletRequest) - WL-Proxy-Client-IP - String ip=null
2021-11-09 20:04:50.224 [http-nio-8088-exec-2] INFO  com.munjie.blog.utils.AddressUtil - getIpAddress(HttpServletRequest) - HTTP_CLIENT_IP - String ip=null
2021-11-09 20:04:50.224 [http-nio-8088-exec-2] INFO  com.munjie.blog.utils.AddressUtil - getIpAddress(HttpServletRequest) - HTTP_X_FORWARDED_FOR - String ip=null
2021-11-09 20:04:50.225 [http-nio-8088-exec-2] INFO  com.munjie.blog.utils.AddressUtil - getIpAddress(HttpServletRequest) - getRemoteAddr - String ip=0:0:0:0:0:0:0:1
2021-11-09 20:04:50.225 [http-nio-8088-exec-2] INFO  com.munjie.blog.utils.AddressUtil - final request ip : 0:0:0:0:0:0:0:1
2021-11-09 20:04:50.225 [http-nio-8088-exec-2] INFO  com.munjie.blog.config.AopLogAspect - 请求来源地区 =
2021-11-09 20:04:50.225 [http-nio-8088-exec-2] INFO  com.munjie.blog.config.AopLogAspect - 请求类名=
2021-11-09 20:04:50.225 [http-nio-8088-exec-2] INFO  com.munjie.blog.config.AopLogAspect - 方法名=
2021-11-09 20:04:50.240 [http-nio-8088-exec-1] INFO  com.munjie.blog.config.AopLogAspect - 请求报文=
2021-11-09 20:04:50.262 [http-nio-8088-exec-1] INFO  com.munjie.blog.config.AopLogAspect - 返回响应结果=
2021-11-09 20:04:50.287 [http-nio-8088-exec-2] INFO  com.munjie.blog.config.AopLogAspect - 请求报文=
2021-11-09 20:04:50.298 [http-nio-8088-exec-2] INFO  com.munjie.blog.service.impl.ArticleServiceImpl - 
2021-11-09 20:04:50.345 [http-nio-8088-exec-2] INFO  com.zaxxer.hikari.HikariDataSource - DatebookHikariCP - Starting...
2021-11-09 20:05:03.027 [http-nio-8088-exec-3] INFO  com.munjie.blog.config.AopLogAspect - 请求前置通知开始...
2021-11-09 20:05:03.028 [http-nio-8088-exec-3] INFO  com.munjie.blog.config.AopLogAspect - 请求URL =
2021-11-09 20:05:03.028 [http-nio-8088-exec-3] INFO  com.munjie.blog.config.AopLogAspect - 请求方式 =
2021-11-09 20:05:03.028 [http-nio-8088-exec-3] INFO  com.munjie.blog.config.AopLogAspect - 请求IP =
2021-11-09 20:05:03.028 [http-nio-8088-exec-3] INFO  com.munjie.blog.utils.AddressUtil - X-Real-IP=null
2021-11-09 20:05:03.028 [http-nio-8088-exec-3] INFO  com.munjie.blog.utils.AddressUtil - getIpAddress(X-real-ip) - X-real-ip - String ip=null
2021-11-09 20:05:03.028 [http-nio-8088-exec-3] INFO  com.munjie.blog.utils.AddressUtil - refererIps=null
2021-11-09 20:05:03.028 [http-nio-8088-exec-3] INFO  com.munjie.blog.utils.AddressUtil - getIpAddress(HttpServletRequest) - Proxy-Client-IP - String ip=null
2021-11-09 20:05:03.028 [http-nio-8088-exec-3] INFO  com.munjie.blog.utils.AddressUtil - getIpAddress(HttpServletRequest) - WL-Proxy-Client-IP - String ip=null
2021-11-09 20:05:03.028 [http-nio-8088-exec-3] INFO  com.munjie.blog.utils.AddressUtil - getIpAddress(HttpServletRequest) - HTTP_CLIENT_IP - String ip=null
2021-11-09 20:05:03.028 [http-nio-8088-exec-3] INFO  com.munjie.blog.utils.AddressUtil - getIpAddress(HttpServletRequest) - HTTP_X_FORWARDED_FOR - String ip=null
2021-11-09 20:05:03.028 [http-nio-8088-exec-3] INFO  com.munjie.blog.utils.AddressUtil - getIpAddress(HttpServletRequest) - getRemoteAddr - String ip=0:0:0:0:0:0:0:1
2021-11-09 20:05:03.029 [http-nio-8088-exec-3] INFO  com.munjie.blog.utils.AddressUtil - final request ip : 0:0:0:0:0:0:0:1
2021-11-09 20:05:03.029 [http-nio-8088-exec-3] INFO  com.munjie.blog.config.AopLogAspect - 请求来源地区 =
2021-11-09 20:05:03.029 [http-nio-8088-exec-3] INFO  com.munjie.blog.config.AopLogAspect - 请求类名=
2021-11-09 20:05:03.029 [http-nio-8088-exec-3] INFO  com.munjie.blog.config.AopLogAspect - 方法名=
2021-11-09 20:05:03.029 [http-nio-8088-exec-3] INFO  com.munjie.blog.config.AopLogAspect - 请求报文=
2021-11-09 20:05:03.030 [http-nio-8088-exec-3] INFO  com.munjie.blog.config.AopLogAspect - 返回响应结果=
2021-11-09 20:05:03.334 [http-nio-8088-exec-4] INFO  com.munjie.blog.config.AopLogAspect - 请求前置通知开始...
2021-11-09 20:05:03.334 [http-nio-8088-exec-4] INFO  com.munjie.blog.config.AopLogAspect - 请求URL =
2021-11-09 20:05:03.334 [http-nio-8088-exec-4] INFO  com.munjie.blog.config.AopLogAspect - 请求方式 =
2021-11-09 20:05:03.335 [http-nio-8088-exec-4] INFO  com.munjie.blog.config.AopLogAspect - 请求IP =
2021-11-09 20:05:03.335 [http-nio-8088-exec-4] INFO  com.munjie.blog.utils.AddressUtil - X-Real-IP=null
2021-11-09 20:05:03.335 [http-nio-8088-exec-4] INFO  com.munjie.blog.utils.AddressUtil - getIpAddress(X-real-ip) - X-real-ip - String ip=null
2021-11-09 20:05:03.335 [http-nio-8088-exec-4] INFO  com.munjie.blog.utils.AddressUtil - refererIps=null
2021-11-09 20:05:03.335 [http-nio-8088-exec-4] INFO  com.munjie.blog.utils.AddressUtil - getIpAddress(HttpServletRequest) - Proxy-Client-IP - String ip=null
2021-11-09 20:05:03.335 [http-nio-8088-exec-4] INFO  com.munjie.blog.utils.AddressUtil - getIpAddress(HttpServletRequest) - WL-Proxy-Client-IP - String ip=null
2021-11-09 20:05:03.335 [http-nio-8088-exec-4] INFO  com.munjie.blog.utils.AddressUtil - getIpAddress(HttpServletRequest) - HTTP_CLIENT_IP - String ip=null
2021-11-09 20:05:03.335 [http-nio-8088-exec-4] INFO  com.munjie.blog.utils.AddressUtil - getIpAddress(HttpServletRequest) - HTTP_X_FORWARDED_FOR - String ip=null
2021-11-09 20:05:03.335 [http-nio-8088-exec-4] INFO  com.munjie.blog.utils.AddressUtil - getIpAddress(HttpServletRequest) - getRemoteAddr - String ip=0:0:0:0:0:0:0:1
2021-11-09 20:05:03.335 [http-nio-8088-exec-4] INFO  com.munjie.blog.utils.AddressUtil - final request ip : 0:0:0:0:0:0:0:1
2021-11-09 20:05:03.336 [http-nio-8088-exec-4] INFO  com.munjie.blog.config.AopLogAspect - 请求来源地区 =
2021-11-09 20:05:03.336 [http-nio-8088-exec-4] INFO  com.munjie.blog.config.AopLogAspect - 请求类名=
2021-11-09 20:05:03.336 [http-nio-8088-exec-4] INFO  com.munjie.blog.config.AopLogAspect - 方法名=
2021-11-09 20:05:03.336 [http-nio-8088-exec-4] INFO  com.munjie.blog.config.AopLogAspect - 请求报文=
2021-11-09 20:05:03.336 [http-nio-8088-exec-4] INFO  com.munjie.blog.config.AopLogAspect - 返回响应结果=
2021-11-09 20:05:03.456 [http-nio-8088-exec-5] INFO  com.munjie.blog.config.AopLogAspect - 请求前置通知开始...
2021-11-09 20:05:03.456 [http-nio-8088-exec-5] INFO  com.munjie.blog.config.AopLogAspect - 请求URL =
2021-11-09 20:05:03.456 [http-nio-8088-exec-5] INFO  com.munjie.blog.config.AopLogAspect - 请求方式 =
2021-11-09 20:05:03.456 [http-nio-8088-exec-5] INFO  com.munjie.blog.config.AopLogAspect - 请求IP =
2021-11-09 20:05:03.456 [http-nio-8088-exec-5] INFO  com.munjie.blog.utils.AddressUtil - X-Real-IP=null
2021-11-09 20:05:03.457 [http-nio-8088-exec-5] INFO  com.munjie.blog.utils.AddressUtil - getIpAddress(X-real-ip) - X-real-ip - String ip=null
2021-11-09 20:05:03.457 [http-nio-8088-exec-5] INFO  com.munjie.blog.utils.AddressUtil - refererIps=null
2021-11-09 20:05:03.457 [http-nio-8088-exec-5] INFO  com.munjie.blog.utils.AddressUtil - getIpAddress(HttpServletRequest) - Proxy-Client-IP - String ip=null
2021-11-09 20:05:03.457 [http-nio-8088-exec-5] INFO  com.munjie.blog.utils.AddressUtil - getIpAddress(HttpServletRequest) - WL-Proxy-Client-IP - String ip=null
2021-11-09 20:05:03.457 [http-nio-8088-exec-5] INFO  com.munjie.blog.utils.AddressUtil - getIpAddress(HttpServletRequest) - HTTP_CLIENT_IP - String ip=null
2021-11-09 20:05:03.457 [http-nio-8088-exec-5] INFO  com.munjie.blog.utils.AddressUtil - getIpAddress(HttpServletRequest) - HTTP_X_FORWARDED_FOR - String ip=null
2021-11-09 20:05:03.457 [http-nio-8088-exec-5] INFO  com.munjie.blog.utils.AddressUtil - getIpAddress(HttpServletRequest) - getRemoteAddr - String ip=0:0:0:0:0:0:0:1
2021-11-09 20:05:03.457 [http-nio-8088-exec-5] INFO  com.munjie.blog.utils.AddressUtil - final request ip : 0:0:0:0:0:0:0:1
2021-11-09 20:05:03.457 [http-nio-8088-exec-5] INFO  com.munjie.blog.config.AopLogAspect - 请求来源地区 =
2021-11-09 20:05:03.457 [http-nio-8088-exec-5] INFO  com.munjie.blog.config.AopLogAspect - 请求类名=
2021-11-09 20:05:03.457 [http-nio-8088-exec-5] INFO  com.munjie.blog.config.AopLogAspect - 方法名=
2021-11-09 20:05:03.458 [http-nio-8088-exec-5] INFO  com.munjie.blog.config.AopLogAspect - 请求报文=
2021-11-09 20:05:03.458 [http-nio-8088-exec-5] INFO  com.munjie.blog.service.impl.ArticleServiceImpl - 
2021-11-09 20:05:21.453 [http-nio-8088-exec-5] INFO  com.zaxxer.hikari.HikariDataSource - DatebookHikariCP - Starting...
2021-11-09 20:05:45.235 [MessageBroker-1] INFO  o.s.web.socket.config.WebSocketMessageBrokerStats - WebSocketSession[0 current WS(0)-HttpStream(0)-HttpPoll(0), 0 total, 0 closed abnormally (0 connect failure, 0 send limit, 0 transport error)], stompSubProtocol[processed CONNECT(0)-CONNECTED(0)-DISCONNECT(0)], stompBrokerRelay[null], inboundChannel[pool size = 0, active threads = 0, queued tasks = 0, completed tasks = 0], outboundChannel[pool size = 0, active threads = 0, queued tasks = 0, completed tasks = 0], sockJsScheduler[pool size = 1, active threads = 1, queued tasks = 0, completed tasks = 0]
2021-11-09 20:35:45.239 [MessageBroker-1] INFO  o.s.web.socket.config.WebSocketMessageBrokerStats - WebSocketSession[0 current WS(0)-HttpStream(0)-HttpPoll(0), 0 total, 0 closed abnormally (0 connect failure, 0 send limit, 0 transport error)], stompSubProtocol[processed CONNECT(0)-CONNECTED(0)-DISCONNECT(0)], stompBrokerRelay[null], inboundChannel[pool size = 0, active threads = 0, queued tasks = 0, completed tasks = 0], outboundChannel[pool size = 0, active threads = 0, queued tasks = 0, completed tasks = 0], sockJsScheduler[pool size = 2, active threads = 1, queued tasks = 0, completed tasks = 1]
2021-11-09 21:05:45.244 [MessageBroker-2] INFO  o.s.web.socket.config.WebSocketMessageBrokerStats - WebSocketSession[0 current WS(0)-HttpStream(0)-HttpPoll(0), 0 total, 0 closed abnormally (0 connect failure, 0 send limit, 0 transport error)], stompSubProtocol[processed CONNECT(0)-CONNECTED(0)-DISCONNECT(0)], stompBrokerRelay[null], inboundChannel[pool size = 0, active threads = 0, queued tasks = 0, completed tasks = 0], outboundChannel[pool size = 0, active threads = 0, queued tasks = 0, completed tasks = 0], sockJsScheduler[pool size = 3, active threads = 1, queued tasks = 0, completed tasks = 2]
2021-11-09 21:35:45.260 [MessageBroker-1] INFO  o.s.web.socket.config.WebSocketMessageBrokerStats - WebSocketSession[0 current WS(0)-HttpStream(0)-HttpPoll(0), 0 total, 0 closed abnormally (0 connect failure, 0 send limit, 0 transport error)], stompSubProtocol[processed CONNECT(0)-CONNECTED(0)-DISCONNECT(0)], stompBrokerRelay[null], inboundChannel[pool size = 0, active threads = 0, queued tasks = 0, completed tasks = 0], outboundChannel[pool size = 0, active threads = 0, queued tasks = 0, completed tasks = 0], sockJsScheduler[pool size = 4, active threads = 1, queued tasks = 0, completed tasks = 3]
