2021-11-08 20:27:34.766 [main] INFO  com.munjie.blog.BlogApplication - Starting BlogApplication on DESKTOP-AB71LST with PID 14128 (G:\web_project\blog_server\target\classes started by 86158 in G:\web_project\blog_server)
2021-11-08 20:27:34.769 [main] INFO  com.munjie.blog.BlogApplication - The following profiles are active: dev
2021-11-08 20:27:35.271 [main] INFO  o.s.d.r.config.RepositoryConfigurationDelegate - Bootstrapping Spring Data Elasticsearch repositories in DEFAULT mode.
2021-11-08 20:27:35.301 [main] INFO  o.s.d.r.config.RepositoryConfigurationDelegate - Finished Spring Data repository scanning in 26ms. Found 1 Elasticsearch repository interfaces.
2021-11-08 20:27:35.414 [main] INFO  o.s.d.r.config.RepositoryConfigurationDelegate - Bootstrapping Spring Data Reactive Elasticsearch repositories in DEFAULT mode.
2021-11-08 20:27:35.425 [main] INFO  o.s.d.r.config.RepositoryConfigurationDelegate - Finished Spring Data repository scanning in 10ms. Found 0 Reactive Elasticsearch repository interfaces.
2021-11-08 20:27:35.592 [main] INFO  c.u.j.c.EnableEncryptablePropertiesBeanFactoryPostProcessor - Post-processing PropertySource instances
2021-11-08 20:27:35.627 [main] INFO  c.u.j.EncryptablePropertySourceConverter - Converting PropertySource configurationProperties [org.springframework.boot.context.properties.source.ConfigurationPropertySourcesPropertySource] to AOP Proxy
2021-11-08 20:27:35.627 [main] INFO  c.u.j.EncryptablePropertySourceConverter - Converting PropertySource servletConfigInitParams [org.springframework.core.env.PropertySource$StubPropertySource] to EncryptablePropertySourceWrapper
2021-11-08 20:27:35.627 [main] INFO  c.u.j.EncryptablePropertySourceConverter - Converting PropertySource servletContextInitParams [org.springframework.core.env.PropertySource$StubPropertySource] to EncryptablePropertySourceWrapper
2021-11-08 20:27:35.628 [main] INFO  c.u.j.EncryptablePropertySourceConverter - Converting PropertySource systemProperties [org.springframework.core.env.PropertiesPropertySource] to EncryptableMapPropertySourceWrapper
2021-11-08 20:27:35.628 [main] INFO  c.u.j.EncryptablePropertySourceConverter - Converting PropertySource systemEnvironment [org.springframework.boot.env.SystemEnvironmentPropertySourceEnvironmentPostProcessor$OriginAwareSystemEnvironmentPropertySource] to EncryptableMapPropertySourceWrapper
2021-11-08 20:27:35.628 [main] INFO  c.u.j.EncryptablePropertySourceConverter - Converting PropertySource random [org.springframework.boot.env.RandomValuePropertySource] to EncryptablePropertySourceWrapper
2021-11-08 20:27:35.628 [main] INFO  c.u.j.EncryptablePropertySourceConverter - Converting PropertySource applicationConfig: [classpath:/application-dev.yml] [org.springframework.boot.env.OriginTrackedMapPropertySource] to EncryptableMapPropertySourceWrapper
2021-11-08 20:27:35.628 [main] INFO  c.u.j.EncryptablePropertySourceConverter - Converting PropertySource applicationConfig: [classpath:/application.yml] [org.springframework.boot.env.OriginTrackedMapPropertySource] to EncryptableMapPropertySourceWrapper
2021-11-08 20:27:35.681 [main] INFO  c.u.j.filter.DefaultLazyPropertyFilter - Property Filter custom Bean not found with name 'encryptablePropertyFilter'. Initializing Default Property Filter
2021-11-08 20:27:35.819 [main] INFO  c.u.j.resolver.DefaultLazyPropertyResolver - Property Resolver custom Bean not found with name 'encryptablePropertyResolver'. Initializing Default Property Resolver
2021-11-08 20:27:35.820 [main] INFO  c.u.j.detector.DefaultLazyPropertyDetector - Property Detector custom Bean not found with name 'encryptablePropertyDetector'. Initializing Default Property Detector
2021-11-08 20:27:36.059 [main] INFO  o.s.boot.web.embedded.tomcat.TomcatWebServer - Tomcat initialized with port(s): 8088 (http)
2021-11-08 20:27:36.065 [main] INFO  org.apache.coyote.http11.Http11NioProtocol - Initializing ProtocolHandler ["http-nio-8088"]
2021-11-08 20:27:36.066 [main] INFO  org.apache.catalina.core.StandardService - Starting service [Tomcat]
2021-11-08 20:27:36.066 [main] INFO  org.apache.catalina.core.StandardEngine - Starting Servlet engine: [Apache Tomcat/9.0.33]
2021-11-08 20:27:36.149 [main] INFO  o.a.c.c.ContainerBase.[Tomcat].[localhost].[/blog] - Initializing Spring embedded WebApplicationContext
2021-11-08 20:27:36.149 [main] INFO  org.springframework.web.context.ContextLoader - Root WebApplicationContext: initialization completed in 1339 ms
2021-11-08 20:27:36.319 [main] INFO  o.s.scheduling.concurrent.ThreadPoolTaskExecutor - Initializing ExecutorService 'clientInboundChannelExecutor'
2021-11-08 20:27:36.336 [main] INFO  o.s.scheduling.concurrent.ThreadPoolTaskExecutor - Initializing ExecutorService 'clientOutboundChannelExecutor'
2021-11-08 20:27:36.866 [main] INFO  org.elasticsearch.plugins.PluginsService - no modules loaded
2021-11-08 20:27:36.868 [main] INFO  org.elasticsearch.plugins.PluginsService - loaded plugin [org.elasticsearch.index.reindex.ReindexPlugin]
2021-11-08 20:27:36.868 [main] INFO  org.elasticsearch.plugins.PluginsService - loaded plugin [org.elasticsearch.join.ParentJoinPlugin]
2021-11-08 20:27:36.868 [main] INFO  org.elasticsearch.plugins.PluginsService - loaded plugin [org.elasticsearch.percolator.PercolatorPlugin]
2021-11-08 20:27:36.868 [main] INFO  org.elasticsearch.plugins.PluginsService - loaded plugin [org.elasticsearch.script.mustache.MustachePlugin]
2021-11-08 20:27:36.868 [main] INFO  org.elasticsearch.plugins.PluginsService - loaded plugin [org.elasticsearch.transport.Netty4Plugin]
2021-11-08 20:27:40.194 [main] INFO  s.d.s.w.PropertySourcedRequestMappingHandlerMapping - Mapped URL path [/v2/api-docs] onto method [springfox.documentation.swagger2.web.Swagger2Controller#getDocumentation(String, HttpServletRequest)]
2021-11-08 20:27:40.211 [main] INFO  o.s.scheduling.concurrent.ThreadPoolTaskScheduler - Initializing ExecutorService 'messageBrokerTaskScheduler'
2021-11-08 20:27:40.243 [main] INFO  o.s.scheduling.concurrent.ThreadPoolTaskExecutor - Initializing ExecutorService 'brokerChannelExecutor'
2021-11-08 20:27:40.587 [main] INFO  s.d.s.web.plugins.DocumentationPluginsBootstrapper - Context refreshed
2021-11-08 20:27:40.600 [main] INFO  s.d.s.web.plugins.DocumentationPluginsBootstrapper - Found 1 custom documentation plugin(s)
2021-11-08 20:27:40.621 [main] INFO  s.d.spring.web.scanners.ApiListingReferenceScanner - Scanning for api listing references
2021-11-08 20:27:40.630 [main] INFO  o.s.m.simp.broker.SimpleBrokerMessageHandler - Starting...
2021-11-08 20:27:40.630 [main] INFO  o.s.m.simp.broker.SimpleBrokerMessageHandler - BrokerAvailabilityEvent[available=true, SimpleBrokerMessageHandler [DefaultSubscriptionRegistry[cache[0 destination(s)], registry[0 sessions]]]]
2021-11-08 20:27:40.630 [main] INFO  o.s.m.simp.broker.SimpleBrokerMessageHandler - Started.
2021-11-08 20:27:40.637 [main] INFO  org.apache.coyote.http11.Http11NioProtocol - Starting ProtocolHandler ["http-nio-8088"]
2021-11-08 20:27:40.648 [main] INFO  o.s.boot.web.embedded.tomcat.TomcatWebServer - Tomcat started on port(s): 8088 (http) with context path '/blog'
2021-11-08 20:27:40.649 [main] INFO  com.munjie.blog.BlogApplication - Started BlogApplication in 6.354 seconds (JVM running for 7.639)
2021-11-08 20:27:40.650 [main] INFO  com.munjie.blog.BlogApplication - Server has been started successfully...
2021-11-08 20:28:40.246 [MessageBroker-1] INFO  o.s.web.socket.config.WebSocketMessageBrokerStats - WebSocketSession[0 current WS(0)-HttpStream(0)-HttpPoll(0), 0 total, 0 closed abnormally (0 connect failure, 0 send limit, 0 transport error)], stompSubProtocol[processed CONNECT(0)-CONNECTED(0)-DISCONNECT(0)], stompBrokerRelay[null], inboundChannel[pool size = 0, active threads = 0, queued tasks = 0, completed tasks = 0], outboundChannel[pool size = 0, active threads = 0, queued tasks = 0, completed tasks = 0], sockJsScheduler[pool size = 1, active threads = 1, queued tasks = 0, completed tasks = 0]
2021-11-08 20:58:40.253 [MessageBroker-1] INFO  o.s.web.socket.config.WebSocketMessageBrokerStats - WebSocketSession[0 current WS(0)-HttpStream(0)-HttpPoll(0), 0 total, 0 closed abnormally (0 connect failure, 0 send limit, 0 transport error)], stompSubProtocol[processed CONNECT(0)-CONNECTED(0)-DISCONNECT(0)], stompBrokerRelay[null], inboundChannel[pool size = 0, active threads = 0, queued tasks = 0, completed tasks = 0], outboundChannel[pool size = 0, active threads = 0, queued tasks = 0, completed tasks = 0], sockJsScheduler[pool size = 2, active threads = 1, queued tasks = 0, completed tasks = 1]
2021-11-08 21:28:40.257 [MessageBroker-2] INFO  o.s.web.socket.config.WebSocketMessageBrokerStats - WebSocketSession[0 current WS(0)-HttpStream(0)-HttpPoll(0), 0 total, 0 closed abnormally (0 connect failure, 0 send limit, 0 transport error)], stompSubProtocol[processed CONNECT(0)-CONNECTED(0)-DISCONNECT(0)], stompBrokerRelay[null], inboundChannel[pool size = 0, active threads = 0, queued tasks = 0, completed tasks = 0], outboundChannel[pool size = 0, active threads = 0, queued tasks = 0, completed tasks = 0], sockJsScheduler[pool size = 3, active threads = 1, queued tasks = 0, completed tasks = 2]
